[30/05/2021 19:23:54][admin][Acceso al sistema]
[30/05/2021 19:42:46][admin][SELECT * FROM detallesFacturas]
[30/05/2021 19:44:18][admin][SELECT * FROM detallesFacturas]
[30/05/2021 19:58:55][admin][Salida del sistema]
[30/05/2021 20:23:45][admin][Acceso al sistema]
[30/05/2021 20:23:47][admin][Salida del sistema]
[30/05/2021 20:26:05][admin][Acceso al sistema]
[30/05/2021 20:26:08][admin][Salida del sistema]
[30/05/2021 20:26:28][admin][Acceso al sistema]
[30/05/2021 20:28:37][admin][Salida del sistema]
[30/05/2021 20:29:35][admin][Acceso al sistema]
[30/05/2021 20:29:44][admin][Salida del sistema]
[30/05/2021 20:30:33][admin][Acceso al sistema]
[30/05/2021 20:30:54][admin][Salida del sistema]
[30/05/2021 20:35:37][admin][Acceso al sistema]
[30/05/2021 20:36:06][admin][SELECT * FROM facturas]
[30/05/2021 20:36:17][admin][Salida del sistema]
[30/05/2021 20:36:27][basico][Acceso al sistema]
[30/05/2021 20:36:32][basico][Salida del sistema]
[05/06/2021 17:43:42][admin][Acceso al sistema]
[05/06/2021 17:43:49][admin][Salida del sistema]
[05/06/2021 17:43:58][basico][Acceso al sistema]
[05/06/2021 17:44:01][basico][Salida del sistema]
[05/06/2021 17:45:19][basico][Acceso al sistema]
[05/06/2021 17:45:22][basico][Salida del sistema]
[05/06/2021 17:46:12][basico][Acceso al sistema]
[05/06/2021 17:47:48][basico][Salida del sistema]
[05/06/2021 17:47:59][admin][Acceso al sistema]
[05/06/2021 17:51:13][admin][SELECT * FROM facturas]
[05/06/2021 17:51:43][admin][PDF de la consulta de las facturas creado]
[05/06/2021 17:55:12][admin][SELECT * FROM distribuidores]
[05/06/2021 17:57:02][admin][PDF de la consulta de los distribuidores creado]
[05/06/2021 18:00:58][admin][UPDATE productos SET idDistribuidorFK=null WHERE idProducto = 6]
[05/06/2021 18:00:58][admin][UPDATE detallesfacturas set idProductoFK=null WHERE idProductoFK = 12]
[05/06/2021 18:00:58][admin][DELETE FROM productos WHERE idProducto = 12]
[05/06/2021 18:01:36][admin][UPDATE productos SET idDistribuidorFK=null WHERE idProducto = 6]
[05/06/2021 18:01:36][admin][UPDATE detallesfacturas set idProductoFK=null WHERE idProductoFK = 12]
[05/06/2021 18:01:36][admin][DELETE FROM productos WHERE idProducto = 12]
[05/06/2021 18:01:38][admin][UPDATE productos SET idDistribuidorFK=null WHERE idProducto = 6]
[05/06/2021 18:01:38][admin][UPDATE detallesfacturas set idProductoFK=null WHERE idProductoFK = 12]
[05/06/2021 18:01:38][admin][DELETE FROM productos WHERE idProducto = 12]
[05/06/2021 18:01:39][admin][UPDATE productos SET idDistribuidorFK=null WHERE idProducto = 6]
[05/06/2021 18:01:39][admin][UPDATE detallesfacturas set idProductoFK=null WHERE idProductoFK = 12]
[05/06/2021 18:01:39][admin][DELETE FROM productos WHERE idProducto = 12]
[05/06/2021 18:01:51][admin][Salida del sistema]
[05/06/2021 18:02:25][admin][Acceso al sistema]
[05/06/2021 18:05:09][admin][UPDATE productos SET nombreProducto='XBOX One', precioProducto='300.00', ivaProducto ='20'  WHERE idProducto=13]
[05/06/2021 18:06:14][admin][SELECT * FROM productos]
[05/06/2021 18:06:18][admin][PDF de la consulta de los productos creado]
[05/06/2021 18:12:20][admin][UPDATE detallesfacturas SET idFacturaFK=null WHERE idFacturaFK = 16]
[05/06/2021 18:12:20][admin][UPDATE detallesfacturas SET idProductoFK=null WHERE idProductoFK = 13]
[05/06/2021 18:12:20][admin][DELETE FROM detallesfacturas WHERE idDetallesFactura = 64]
[05/06/2021 18:17:45][admin][UPDATE detallesfacturas SET totalIVA='21', totalCoste='190.0'  WHERE idDetallesFactura=62]
[05/06/2021 18:18:39][admin][SELECT * FROM detallesFacturas]
[05/06/2021 18:18:59][admin][INSERT INTO productos VALUES(null, 'dasdasd','123','332','6')]
[05/06/2021 18:19:08][admin][INSERT INTO productos VALUES(null, 'dasfggg','22','12','6')]
[05/06/2021 18:19:29][admin][INSERT INTO detallesFacturas VALUES (null, 22,22, 21, 17)]
[05/06/2021 18:19:31][admin][INSERT INTO detallesFacturas VALUES (null, 22,22, 21, 17)]
[05/06/2021 18:19:40][admin][INSERT INTO detallesFacturas VALUES (null, 21,11, 16, 17)]
[05/06/2021 18:19:48][admin][SELECT * FROM detallesFacturas]
[05/06/2021 18:19:54][admin][PDF de la consulta de los detalles de la factura creado]
[05/06/2021 18:25:01][admin][Salida del sistema]
[05/06/2021 18:29:07][admin][Acceso al sistema]
[05/06/2021 19:08:43][admin][Salida del sistema]
[05/06/2021 19:14:36][admin][Acceso al sistema]
[05/06/2021 19:14:54][admin][INSERT INTO productos VALUES(null, 'Aaaa','12','12','8')]
[05/06/2021 19:15:15][admin][UPDATE productos SET idDistribuidorFK=null WHERE idProducto = 2]
[05/06/2021 19:15:15][admin][UPDATE detallesfacturas set idProductoFK=null WHERE idProductoFK = 13]
[05/06/2021 19:15:15][admin][DELETE FROM productos WHERE idProducto = 13]
[05/06/2021 19:16:43][admin][UPDATE productos SET nombreProducto='Auriculares', precioProducto='12.00', ivaProducto ='12'  WHERE idProducto=18]
[05/06/2021 19:18:01][admin][UPDATE detallesfacturas SET idFacturaFK=null WHERE idFacturaFK = null]
[05/06/2021 19:18:01][admin][UPDATE detallesfacturas SET idProductoFK=null WHERE idProductoFK = null]
[05/06/2021 19:18:01][admin][DELETE FROM detallesfacturas WHERE idDetallesFactura = 41]
[05/06/2021 19:19:34][admin][UPDATE detallesfacturas SET totalIVA='21', totalCoste='22.0'  WHERE idDetallesFactura=67]
[05/06/2021 19:20:45][admin][Salida del sistema]
